c:\users\79823\desktop\документы\работа\diagproj\diagrequest\debug\vc142.pdb
c:\users\79823\desktop\документы\работа\diagproj\diagrequest\debug\vc142.idb
c:\users\79823\desktop\документы\работа\diagproj\diagrequest\debug\cethread.obj
c:\users\79823\desktop\документы\работа\diagproj\diagrequest\debug\diagrequest.obj
c:\users\79823\desktop\документы\работа\diagproj\diagrequest\debug\payload.obj
c:\users\79823\desktop\документы\работа\diagproj\diagrequest\debug\interface.obj
c:\users\79823\desktop\документы\работа\diagproj\diagrequest\debug\ceserial.obj
c:\users\79823\desktop\документы\работа\diagproj\diagrequest\debug\structpack.obj
c:\users\79823\desktop\документы\работа\diagrequest\diagrequest\debug\diagrequest.obj
c:\users\79823\desktop\документы\работа\diagrequest\diagrequest\debug\ceserial.obj
c:\users\79823\desktop\документы\работа\diagrequest\diagrequest\debug\structpack.obj
c:\users\79823\desktop\документы\работа\diagrequest\diagrequest\debug\interface.obj
c:\users\79823\desktop\документы\работа\diagrequest\diagrequest\debug\cemain.obj
c:\users\79823\desktop\документы\работа\diagrequest\diagrequest\debug\payload.obj
c:\users\79823\desktop\документы\работа\diagrequest\diagrequest\debug\vc142.pdb
c:\users\79823\desktop\документы\работа\diagrequest\diagrequest\debug\diagrequest.ilk
c:\users\79823\desktop\документы\работа\diagrequest\debug\diagrequest.exe
c:\users\79823\desktop\документы\работа\diagrequest\debug\diagrequest.pdb
c:\users\79823\desktop\документы\работа\diagproj\diagrequest\debug\cemain.obj
c:\users\79823\desktop\документы\работа\diagproj\debug\diagrequest.pdb
c:\users\79823\desktop\документы\работа\diagproj\diagrequest\debug\diagrequest.tlog\cl.command.1.tlog
c:\users\79823\desktop\документы\работа\diagproj\diagrequest\debug\diagrequest.tlog\cl.read.1.tlog
c:\users\79823\desktop\документы\работа\diagproj\diagrequest\debug\diagrequest.tlog\cl.write.1.tlog
c:\users\79823\desktop\документы\работа\diagproj\diagrequest\debug\diagrequest.tlog\link.19004-cvtres.read.1.tlog
c:\users\79823\desktop\документы\работа\diagproj\diagrequest\debug\diagrequest.tlog\link.19004-cvtres.write.1.tlog
c:\users\79823\desktop\документы\работа\diagproj\diagrequest\debug\diagrequest.tlog\link.19004-rc.read.1.tlog
c:\users\79823\desktop\документы\работа\diagproj\diagrequest\debug\diagrequest.tlog\link.19004-rc.write.1.tlog
c:\users\79823\desktop\документы\работа\diagproj\diagrequest\debug\diagrequest.tlog\link.19004.read.1.tlog
c:\users\79823\desktop\документы\работа\diagproj\diagrequest\debug\diagrequest.tlog\link.19004.write.1.tlog
c:\users\79823\desktop\документы\работа\diagproj\diagrequest\debug\diagrequest.tlog\link.command.1.tlog
c:\users\79823\desktop\документы\работа\diagproj\diagrequest\debug\diagrequest.tlog\link.read.1.tlog
c:\users\79823\desktop\документы\работа\diagproj\diagrequest\debug\diagrequest.tlog\link.write.1.tlog
